<?xml version="1.0" encoding="UTF-8"?>
<testsuite name="censusanalyser.CensusAnalyserTest" tests="1" skipped="0" failures="0" errors="0" timestamp="2022-08-20T06:25:21" hostname="LAPTOP-S8CS9QLS" time="0.009">
  <properties/>
  <testcase name="givenIndianCensusCSVFile_WhenCorrectButCSVHeaderIncorrect_ShouldThrowException" classname="censusanalyser.CensusAnalyserTest" time="0.009"/>
  <system-out><![CDATA[]]></system-out>
  <system-err><![CDATA[]]></system-err>
</testsuite>
